********************************************************************************
DUPLICATOR-LITE PACKAGE-LOG: November 6, 2018 2:18 am
NOTICE: Do NOT post to public sites or forums 
********************************************************************************
VERSION:	1.2.52
WORDPRESS:	4.9.8
PHP INFO:	7.1.7 | SAPI: apache2handler
SERVER:		Apache/2.4.26 (Win32) OpenSSL/1.0.2l PHP/7.1.7 
PHP TIME LIMIT: (0) no time limit imposed 
PHP MAX MEMORY: 2048M (128M default) 
MEMORY STACK: 4MB 

********************************************************************************
DATABASE:
********************************************************************************
BUILD MODE:   MYSQLDUMP
MYSQLTIMEOUT: 5000
MYSQLDUMP:    Is Supported 
FILTERED: [] 
RESPONSE: Ran from C:/xampp/mysql/bin/mysqldump.exe 
TABLES: total:13 | filtered:0 | create:13 
SQL CREATED: 20181106_lusine_afb5f569ca4e5a6d6734_20181106021808_database.sql 
SQL FILE SIZE: 384.23KB (393448) 
SQL FILE TIME: 2018-11-06 02:18:35 
SQL RUNTIME: 2.83 sec. 

******************************************************************************** 
ARCHIVE (ZIP): 
******************************************************************************** 
ARCHIVE DIR:  C:/xampp/htdocs/lusine/application 
ARCHIVE FILE: 20181106_lusine_afb5f569ca4e5a6d6734_20181106021808_archive.zip 
FILTERS: *OFF* 
DIRS:
	not set 
FILES:
	not set 
EXTS:  not set 
---------------------------------------- 
COMPRESSING 
SIZE:	51.29MB 
STATS:	Dirs 215 | Files 2,221 
SQL ADDED: 20181106_lusine_afb5f569ca4e5a6d6734_20181106021808_database.sql 
ZipArchive Object
(
    [status] => 0
    [statusSys] => 0
    [numFiles] => 2436
    [filename] => C:\xampp\htdocs\lusine\application\wp-snapshots\tmp\20181106_lusine_afb5f569ca4e5a6d6734_20181106021808_archive.zip
    [comment] => 
)
 
COMPRESSION RESULT: '1' 
COMPRESSED SIZE: 25.2MB 
ARCHIVE RUNTIME: 112.27 sec. 
MEMORY STACK: 4MB 

******************************************************************************** 
MAKE INSTALLER: 
******************************************************************************** 
Build Start 
Build Finished 
Preparing for use 
PACK SIZE:  
Template parsed with new data 
Complete [C:/xampp/htdocs/lusine/application/wp-snapshots/tmp/20181106_lusine_afb5f569ca4e5a6d6734_20181106021808_installer.php] 
Added to archive 

******************************************************************************** 
INTEGRITY CHECKS: 
******************************************************************************** 
SQL File: 384.23KB 
Installer File: 514.2KB 
Archive File: 25.2MB  

********************************************************************************
RECORD ID:[1]
TOTAL PROCESS RUNTIME: 162.84 sec.
PEAK PHP MEMORY USED: 6MB
DONE PROCESSING => 20181106_lusine November 6, 2018 2:21 am
 
